ARM GAS  C:\Users\james\AppData\Local\Temp\ccnVbkJC.s 			page 1


   1              		.cpu cortex-m3
   2              		.arch armv7-m
   3              		.fpu softvfp
   4              		.eabi_attribute 20, 1
   5              		.eabi_attribute 21, 1
   6              		.eabi_attribute 23, 3
   7              		.eabi_attribute 24, 1
   8              		.eabi_attribute 25, 1
   9              		.eabi_attribute 26, 1
  10              		.eabi_attribute 30, 1
  11              		.eabi_attribute 34, 1
  12              		.eabi_attribute 18, 4
  13              		.file	"main.c"
  14              		.text
  15              	.Ltext0:
  16              		.cfi_sections	.debug_frame
  17              		.section	.text.MX_GPIO_Init,"ax",%progbits
  18              		.align	1
  19              		.syntax unified
  20              		.thumb
  21              		.thumb_func
  23              	MX_GPIO_Init:
  24              	.LFB71:
  25              		.file 1 "Core/Src/main.c"
   1:Core/Src/main.c **** /* USER CODE BEGIN Header */
   2:Core/Src/main.c **** /**
   3:Core/Src/main.c ****   ******************************************************************************
   4:Core/Src/main.c ****   * @file           : main.c
   5:Core/Src/main.c ****   * @brief          : Main program body
   6:Core/Src/main.c ****   ******************************************************************************
   7:Core/Src/main.c ****   * @attention
   8:Core/Src/main.c ****   *
   9:Core/Src/main.c ****   * Copyright (c) 2023 STMicroelectronics.
  10:Core/Src/main.c ****   * All rights reserved.
  11:Core/Src/main.c ****   *
  12:Core/Src/main.c ****   * This software is licensed under terms that can be found in the LICENSE file
  13:Core/Src/main.c ****   * in the root directory of this software component.
  14:Core/Src/main.c ****   * If no LICENSE file comes with this software, it is provided AS-IS.
  15:Core/Src/main.c ****   *
  16:Core/Src/main.c ****   ******************************************************************************
  17:Core/Src/main.c ****   */
  18:Core/Src/main.c **** /* USER CODE END Header */
  19:Core/Src/main.c **** /* Includes ------------------------------------------------------------------*/
  20:Core/Src/main.c **** #include "main.h"
  21:Core/Src/main.c **** 
  22:Core/Src/main.c **** /* Private includes ----------------------------------------------------------*/
  23:Core/Src/main.c **** /* USER CODE BEGIN Includes */
  24:Core/Src/main.c **** 
  25:Core/Src/main.c **** /* USER CODE END Includes */
  26:Core/Src/main.c **** 
  27:Core/Src/main.c **** /* Private typedef -----------------------------------------------------------*/
  28:Core/Src/main.c **** /* USER CODE BEGIN PTD */
  29:Core/Src/main.c **** 
  30:Core/Src/main.c **** /* USER CODE END PTD */
  31:Core/Src/main.c **** 
  32:Core/Src/main.c **** /* Private define ------------------------------------------------------------*/
  33:Core/Src/main.c **** /* USER CODE BEGIN PD */
ARM GAS  C:\Users\james\AppData\Local\Temp\ccnVbkJC.s 			page 2


  34:Core/Src/main.c **** 
  35:Core/Src/main.c **** /* USER CODE END PD */
  36:Core/Src/main.c **** 
  37:Core/Src/main.c **** /* Private macro -------------------------------------------------------------*/
  38:Core/Src/main.c **** /* USER CODE BEGIN PM */
  39:Core/Src/main.c **** 
  40:Core/Src/main.c **** /* USER CODE END PM */
  41:Core/Src/main.c **** 
  42:Core/Src/main.c **** /* Private variables ---------------------------------------------------------*/
  43:Core/Src/main.c **** 
  44:Core/Src/main.c **** /* USER CODE BEGIN PV */
  45:Core/Src/main.c **** 
  46:Core/Src/main.c **** /* USER CODE END PV */
  47:Core/Src/main.c **** 
  48:Core/Src/main.c **** /* Private function prototypes -----------------------------------------------*/
  49:Core/Src/main.c **** void SystemClock_Config(void);
  50:Core/Src/main.c **** static void MX_GPIO_Init(void);
  51:Core/Src/main.c **** /* USER CODE BEGIN PFP */
  52:Core/Src/main.c **** 
  53:Core/Src/main.c **** /* USER CODE END PFP */
  54:Core/Src/main.c **** 
  55:Core/Src/main.c **** /* Private user code ---------------------------------------------------------*/
  56:Core/Src/main.c **** /* USER CODE BEGIN 0 */
  57:Core/Src/main.c **** void SetNumberOnClock(int num)
  58:Core/Src/main.c **** {
  59:Core/Src/main.c ****   switch (num)
  60:Core/Src/main.c ****   {
  61:Core/Src/main.c ****   case 0:
  62:Core/Src/main.c ****     HAL_GPIO_WritePin(GPIOA, GPIO_PIN_4, 0);
  63:Core/Src/main.c ****     break;
  64:Core/Src/main.c ****   case 1:
  65:Core/Src/main.c ****     HAL_GPIO_WritePin(GPIOA, GPIO_PIN_5, 0);
  66:Core/Src/main.c ****     break;
  67:Core/Src/main.c ****   case 2:
  68:Core/Src/main.c ****     HAL_GPIO_WritePin(GPIOA, GPIO_PIN_6, 0);
  69:Core/Src/main.c ****     break;
  70:Core/Src/main.c ****   case 3:
  71:Core/Src/main.c ****     HAL_GPIO_WritePin(GPIOA, GPIO_PIN_7, 0);
  72:Core/Src/main.c ****     break;
  73:Core/Src/main.c ****   case 4:
  74:Core/Src/main.c ****     HAL_GPIO_WritePin(GPIOA, GPIO_PIN_8, 0);
  75:Core/Src/main.c ****     break;
  76:Core/Src/main.c ****   case 5:
  77:Core/Src/main.c ****     HAL_GPIO_WritePin(GPIOA, GPIO_PIN_9, 0);
  78:Core/Src/main.c ****     break;
  79:Core/Src/main.c ****   case 6:
  80:Core/Src/main.c ****     HAL_GPIO_WritePin(GPIOA, GPIO_PIN_10, 0);
  81:Core/Src/main.c ****     break;
  82:Core/Src/main.c ****   case 7:
  83:Core/Src/main.c ****     HAL_GPIO_WritePin(GPIOA, GPIO_PIN_11, 0);
  84:Core/Src/main.c ****     break;
  85:Core/Src/main.c ****   case 8:
  86:Core/Src/main.c ****     HAL_GPIO_WritePin(GPIOA, GPIO_PIN_12, 0);
  87:Core/Src/main.c ****     break;
  88:Core/Src/main.c ****   case 9:
  89:Core/Src/main.c ****     HAL_GPIO_WritePin(GPIOA, GPIO_PIN_13, 0);
  90:Core/Src/main.c ****     break;
ARM GAS  C:\Users\james\AppData\Local\Temp\ccnVbkJC.s 			page 3


  91:Core/Src/main.c ****   case 10:
  92:Core/Src/main.c ****     HAL_GPIO_WritePin(GPIOA, GPIO_PIN_14, 0);
  93:Core/Src/main.c ****     break;
  94:Core/Src/main.c ****   case 11:
  95:Core/Src/main.c ****     HAL_GPIO_WritePin(GPIOA, GPIO_PIN_15, 0);
  96:Core/Src/main.c ****     break;
  97:Core/Src/main.c ****   
  98:Core/Src/main.c ****   default:
  99:Core/Src/main.c ****     break;
 100:Core/Src/main.c ****   }
 101:Core/Src/main.c **** }
 102:Core/Src/main.c **** 
 103:Core/Src/main.c **** void ClearNumberOnClock(int num)
 104:Core/Src/main.c **** {
 105:Core/Src/main.c ****   switch (num)
 106:Core/Src/main.c ****   {
 107:Core/Src/main.c ****   case 0:
 108:Core/Src/main.c ****     HAL_GPIO_WritePin(GPIOA, GPIO_PIN_4, 1);
 109:Core/Src/main.c ****     break;
 110:Core/Src/main.c ****   case 1:
 111:Core/Src/main.c ****     HAL_GPIO_WritePin(GPIOA, GPIO_PIN_5, 1);
 112:Core/Src/main.c ****     break;
 113:Core/Src/main.c ****   case 2:
 114:Core/Src/main.c ****     HAL_GPIO_WritePin(GPIOA, GPIO_PIN_6, 1);
 115:Core/Src/main.c ****     break;
 116:Core/Src/main.c ****   case 3:
 117:Core/Src/main.c ****     HAL_GPIO_WritePin(GPIOA, GPIO_PIN_7, 1);
 118:Core/Src/main.c ****     break;
 119:Core/Src/main.c ****   case 4:
 120:Core/Src/main.c ****     HAL_GPIO_WritePin(GPIOA, GPIO_PIN_8, 1);
 121:Core/Src/main.c ****     break;
 122:Core/Src/main.c ****   case 5:
 123:Core/Src/main.c ****     HAL_GPIO_WritePin(GPIOA, GPIO_PIN_9, 1);
 124:Core/Src/main.c ****     break;
 125:Core/Src/main.c ****   case 6:
 126:Core/Src/main.c ****     HAL_GPIO_WritePin(GPIOA, GPIO_PIN_10, 1);
 127:Core/Src/main.c ****     break;
 128:Core/Src/main.c ****   case 7:
 129:Core/Src/main.c ****     HAL_GPIO_WritePin(GPIOA, GPIO_PIN_11, 1);
 130:Core/Src/main.c ****     break;
 131:Core/Src/main.c ****   case 8:
 132:Core/Src/main.c ****     HAL_GPIO_WritePin(GPIOA, GPIO_PIN_12, 1);
 133:Core/Src/main.c ****     break;
 134:Core/Src/main.c ****   case 9:
 135:Core/Src/main.c ****     HAL_GPIO_WritePin(GPIOA, GPIO_PIN_13, 1);
 136:Core/Src/main.c ****     break;
 137:Core/Src/main.c ****   case 10:
 138:Core/Src/main.c ****     HAL_GPIO_WritePin(GPIOA, GPIO_PIN_14, 1);
 139:Core/Src/main.c ****     break;
 140:Core/Src/main.c ****   case 11:
 141:Core/Src/main.c ****     HAL_GPIO_WritePin(GPIOA, GPIO_PIN_15, 1);
 142:Core/Src/main.c ****     break;
 143:Core/Src/main.c ****   
 144:Core/Src/main.c ****   default:
 145:Core/Src/main.c ****     break;
 146:Core/Src/main.c ****   }
 147:Core/Src/main.c **** }
ARM GAS  C:\Users\james\AppData\Local\Temp\ccnVbkJC.s 			page 4


 148:Core/Src/main.c **** 
 149:Core/Src/main.c **** void ClearAllClock()
 150:Core/Src/main.c **** {
 151:Core/Src/main.c ****   for(int i = 0; i < 12; i++)
 152:Core/Src/main.c ****   {
 153:Core/Src/main.c ****     ClearNumberOnClock(i);
 154:Core/Src/main.c ****   }
 155:Core/Src/main.c **** }
 156:Core/Src/main.c **** 
 157:Core/Src/main.c **** void Switch1Step2Led(int num)
 158:Core/Src/main.c **** {
 159:Core/Src/main.c ****   ClearNumberOnClock(num - 1);
 160:Core/Src/main.c ****   if(num == 12)
 161:Core/Src/main.c ****     SetNumberOnClock(0);
 162:Core/Src/main.c ****   else
 163:Core/Src/main.c ****     SetNumberOnClock(num);
 164:Core/Src/main.c **** }
 165:Core/Src/main.c **** 
 166:Core/Src/main.c **** /* USER CODE END 0 */
 167:Core/Src/main.c **** 
 168:Core/Src/main.c **** /**
 169:Core/Src/main.c ****   * @brief  The application entry point.
 170:Core/Src/main.c ****   * @retval int
 171:Core/Src/main.c ****   */
 172:Core/Src/main.c **** int main(void)
 173:Core/Src/main.c **** {
 174:Core/Src/main.c ****   /* USER CODE BEGIN 1 */
 175:Core/Src/main.c **** 
 176:Core/Src/main.c ****   /* USER CODE END 1 */
 177:Core/Src/main.c **** 
 178:Core/Src/main.c ****   /* MCU Configuration--------------------------------------------------------*/
 179:Core/Src/main.c **** 
 180:Core/Src/main.c ****   /* Reset of all peripherals, Initializes the Flash interface and the Systick. */
 181:Core/Src/main.c ****   HAL_Init();
 182:Core/Src/main.c **** 
 183:Core/Src/main.c ****   /* USER CODE BEGIN Init */
 184:Core/Src/main.c **** 
 185:Core/Src/main.c ****   /* USER CODE END Init */
 186:Core/Src/main.c **** 
 187:Core/Src/main.c ****   /* Configure the system clock */
 188:Core/Src/main.c ****   SystemClock_Config();
 189:Core/Src/main.c **** 
 190:Core/Src/main.c ****   /* USER CODE BEGIN SysInit */
 191:Core/Src/main.c **** 
 192:Core/Src/main.c ****   /* USER CODE END SysInit */
 193:Core/Src/main.c **** 
 194:Core/Src/main.c ****   /* Initialize all configured peripherals */
 195:Core/Src/main.c ****   MX_GPIO_Init();
 196:Core/Src/main.c ****   /* USER CODE BEGIN 2 */
 197:Core/Src/main.c ****   int hour = 0;
 198:Core/Src/main.c ****   int minute = 0;
 199:Core/Src/main.c ****   int second = 0;
 200:Core/Src/main.c **** 
 201:Core/Src/main.c ****   ClearAllClock();
 202:Core/Src/main.c ****   /* USER CODE END 2 */
 203:Core/Src/main.c **** 
 204:Core/Src/main.c ****   /* Infinite loop */
ARM GAS  C:\Users\james\AppData\Local\Temp\ccnVbkJC.s 			page 5


 205:Core/Src/main.c ****   /* USER CODE BEGIN WHILE */
 206:Core/Src/main.c ****   while (1)
 207:Core/Src/main.c ****   {
 208:Core/Src/main.c ****     /* USER CODE END WHILE */
 209:Core/Src/main.c **** 
 210:Core/Src/main.c ****     /* USER CODE BEGIN 3 */
 211:Core/Src/main.c ****     if(second > 13) 
 212:Core/Src/main.c ****     {
 213:Core/Src/main.c ****       second = 1;
 214:Core/Src/main.c ****       minute++;
 215:Core/Src/main.c ****       if(minute > 12)
 216:Core/Src/main.c ****       {
 217:Core/Src/main.c ****         minute = 0;
 218:Core/Src/main.c ****         hour++;
 219:Core/Src/main.c ****         if(hour > 12) hour = 0;
 220:Core/Src/main.c ****       }
 221:Core/Src/main.c ****     }
 222:Core/Src/main.c **** 
 223:Core/Src/main.c ****     SetNumberOnClock(hour);
 224:Core/Src/main.c ****     SetNumberOnClock(minute);
 225:Core/Src/main.c ****     Switch1Step2Led(second);
 226:Core/Src/main.c **** 
 227:Core/Src/main.c ****     second++;
 228:Core/Src/main.c ****     HAL_Delay(50);
 229:Core/Src/main.c ****   }
 230:Core/Src/main.c ****   /* USER CODE END 3 */
 231:Core/Src/main.c **** }
 232:Core/Src/main.c **** 
 233:Core/Src/main.c **** /**
 234:Core/Src/main.c ****   * @brief System Clock Configuration
 235:Core/Src/main.c ****   * @retval None
 236:Core/Src/main.c ****   */
 237:Core/Src/main.c **** void SystemClock_Config(void)
 238:Core/Src/main.c **** {
 239:Core/Src/main.c ****   RCC_OscInitTypeDef RCC_OscInitStruct = {0};
 240:Core/Src/main.c ****   RCC_ClkInitTypeDef RCC_ClkInitStruct = {0};
 241:Core/Src/main.c **** 
 242:Core/Src/main.c ****   /** Initializes the RCC Oscillators according to the specified parameters
 243:Core/Src/main.c ****   * in the RCC_OscInitTypeDef structure.
 244:Core/Src/main.c ****   */
 245:Core/Src/main.c ****   RCC_OscInitStruct.OscillatorType = RCC_OSCILLATORTYPE_HSE;
 246:Core/Src/main.c ****   RCC_OscInitStruct.HSEState = RCC_HSE_ON;
 247:Core/Src/main.c ****   RCC_OscInitStruct.HSEPredivValue = RCC_HSE_PREDIV_DIV1;
 248:Core/Src/main.c ****   RCC_OscInitStruct.HSIState = RCC_HSI_ON;
 249:Core/Src/main.c ****   RCC_OscInitStruct.PLL.PLLState = RCC_PLL_ON;
 250:Core/Src/main.c ****   RCC_OscInitStruct.PLL.PLLSource = RCC_PLLSOURCE_HSE;
 251:Core/Src/main.c ****   RCC_OscInitStruct.PLL.PLLMUL = RCC_PLL_MUL9;
 252:Core/Src/main.c ****   if (HAL_RCC_OscConfig(&RCC_OscInitStruct) != HAL_OK)
 253:Core/Src/main.c ****   {
 254:Core/Src/main.c ****     Error_Handler();
 255:Core/Src/main.c ****   }
 256:Core/Src/main.c **** 
 257:Core/Src/main.c ****   /** Initializes the CPU, AHB and APB buses clocks
 258:Core/Src/main.c ****   */
 259:Core/Src/main.c ****   RCC_ClkInitStruct.ClockType = RCC_CLOCKTYPE_HCLK|RCC_CLOCKTYPE_SYSCLK
 260:Core/Src/main.c ****                               |RCC_CLOCKTYPE_PCLK1|RCC_CLOCKTYPE_PCLK2;
 261:Core/Src/main.c ****   RCC_ClkInitStruct.SYSCLKSource = RCC_SYSCLKSOURCE_PLLCLK;
ARM GAS  C:\Users\james\AppData\Local\Temp\ccnVbkJC.s 			page 6


 262:Core/Src/main.c ****   RCC_ClkInitStruct.AHBCLKDivider = RCC_SYSCLK_DIV1;
 263:Core/Src/main.c ****   RCC_ClkInitStruct.APB1CLKDivider = RCC_HCLK_DIV2;
 264:Core/Src/main.c ****   RCC_ClkInitStruct.APB2CLKDivider = RCC_HCLK_DIV1;
 265:Core/Src/main.c **** 
 266:Core/Src/main.c ****   if (HAL_RCC_ClockConfig(&RCC_ClkInitStruct, FLASH_LATENCY_2) != HAL_OK)
 267:Core/Src/main.c ****   {
 268:Core/Src/main.c ****     Error_Handler();
 269:Core/Src/main.c ****   }
 270:Core/Src/main.c **** }
 271:Core/Src/main.c **** 
 272:Core/Src/main.c **** /**
 273:Core/Src/main.c ****   * @brief GPIO Initialization Function
 274:Core/Src/main.c ****   * @param None
 275:Core/Src/main.c ****   * @retval None
 276:Core/Src/main.c ****   */
 277:Core/Src/main.c **** static void MX_GPIO_Init(void)
 278:Core/Src/main.c **** {
  26              		.loc 1 278 1 view -0
  27              		.cfi_startproc
  28              		@ args = 0, pretend = 0, frame = 24
  29              		@ frame_needed = 0, uses_anonymous_args = 0
  30 0000 30B5     		push	{r4, r5, lr}
  31              	.LCFI0:
  32              		.cfi_def_cfa_offset 12
  33              		.cfi_offset 4, -12
  34              		.cfi_offset 5, -8
  35              		.cfi_offset 14, -4
  36 0002 87B0     		sub	sp, sp, #28
  37              	.LCFI1:
  38              		.cfi_def_cfa_offset 40
 279:Core/Src/main.c ****   GPIO_InitTypeDef GPIO_InitStruct = {0};
  39              		.loc 1 279 3 view .LVU1
  40              		.loc 1 279 20 is_stmt 0 view .LVU2
  41 0004 0024     		movs	r4, #0
  42 0006 0294     		str	r4, [sp, #8]
  43 0008 0394     		str	r4, [sp, #12]
  44 000a 0494     		str	r4, [sp, #16]
  45 000c 0594     		str	r4, [sp, #20]
 280:Core/Src/main.c **** /* USER CODE BEGIN MX_GPIO_Init_1 */
 281:Core/Src/main.c **** /* USER CODE END MX_GPIO_Init_1 */
 282:Core/Src/main.c **** 
 283:Core/Src/main.c ****   /* GPIO Ports Clock Enable */
 284:Core/Src/main.c ****   __HAL_RCC_GPIOD_CLK_ENABLE();
  46              		.loc 1 284 3 is_stmt 1 view .LVU3
  47              	.LBB4:
  48              		.loc 1 284 3 view .LVU4
  49              		.loc 1 284 3 view .LVU5
  50 000e 144B     		ldr	r3, .L3
  51 0010 9A69     		ldr	r2, [r3, #24]
  52 0012 42F02002 		orr	r2, r2, #32
  53 0016 9A61     		str	r2, [r3, #24]
  54              		.loc 1 284 3 view .LVU6
  55 0018 9A69     		ldr	r2, [r3, #24]
  56 001a 02F02002 		and	r2, r2, #32
  57 001e 0092     		str	r2, [sp]
  58              		.loc 1 284 3 view .LVU7
  59 0020 009A     		ldr	r2, [sp]
ARM GAS  C:\Users\james\AppData\Local\Temp\ccnVbkJC.s 			page 7


  60              	.LBE4:
  61              		.loc 1 284 3 view .LVU8
 285:Core/Src/main.c ****   __HAL_RCC_GPIOA_CLK_ENABLE();
  62              		.loc 1 285 3 view .LVU9
  63              	.LBB5:
  64              		.loc 1 285 3 view .LVU10
  65              		.loc 1 285 3 view .LVU11
  66 0022 9A69     		ldr	r2, [r3, #24]
  67 0024 42F00402 		orr	r2, r2, #4
  68 0028 9A61     		str	r2, [r3, #24]
  69              		.loc 1 285 3 view .LVU12
  70 002a 9B69     		ldr	r3, [r3, #24]
  71 002c 03F00403 		and	r3, r3, #4
  72 0030 0193     		str	r3, [sp, #4]
  73              		.loc 1 285 3 view .LVU13
  74 0032 019B     		ldr	r3, [sp, #4]
  75              	.LBE5:
  76              		.loc 1 285 3 view .LVU14
 286:Core/Src/main.c **** 
 287:Core/Src/main.c ****   /*Configure GPIO pin Output Level */
 288:Core/Src/main.c ****   HAL_GPIO_WritePin(GPIOA, GPIO_PIN_4|GPIO_PIN_5|GPIO_PIN_6|GPIO_PIN_7
  77              		.loc 1 288 3 view .LVU15
  78 0034 0B4D     		ldr	r5, .L3+4
  79 0036 2246     		mov	r2, r4
  80 0038 4FF6F071 		movw	r1, #65520
  81 003c 2846     		mov	r0, r5
  82 003e FFF7FEFF 		bl	HAL_GPIO_WritePin
  83              	.LVL0:
 289:Core/Src/main.c ****                           |GPIO_PIN_8|GPIO_PIN_9|GPIO_PIN_10|GPIO_PIN_11
 290:Core/Src/main.c ****                           |GPIO_PIN_12|GPIO_PIN_13|GPIO_PIN_14|GPIO_PIN_15, GPIO_PIN_RESET);
 291:Core/Src/main.c **** 
 292:Core/Src/main.c ****   /*Configure GPIO pins : PA4 PA5 PA6 PA7
 293:Core/Src/main.c ****                            PA8 PA9 PA10 PA11
 294:Core/Src/main.c ****                            PA12 PA13 PA14 PA15 */
 295:Core/Src/main.c ****   GPIO_InitStruct.Pin = GPIO_PIN_4|GPIO_PIN_5|GPIO_PIN_6|GPIO_PIN_7
  84              		.loc 1 295 3 view .LVU16
  85              		.loc 1 295 23 is_stmt 0 view .LVU17
  86 0042 4FF6F073 		movw	r3, #65520
  87 0046 0293     		str	r3, [sp, #8]
 296:Core/Src/main.c ****                           |GPIO_PIN_8|GPIO_PIN_9|GPIO_PIN_10|GPIO_PIN_11
 297:Core/Src/main.c ****                           |GPIO_PIN_12|GPIO_PIN_13|GPIO_PIN_14|GPIO_PIN_15;
 298:Core/Src/main.c ****   GPIO_InitStruct.Mode = GPIO_MODE_OUTPUT_PP;
  88              		.loc 1 298 3 is_stmt 1 view .LVU18
  89              		.loc 1 298 24 is_stmt 0 view .LVU19
  90 0048 0123     		movs	r3, #1
  91 004a 0393     		str	r3, [sp, #12]
 299:Core/Src/main.c ****   GPIO_InitStruct.Pull = GPIO_NOPULL;
  92              		.loc 1 299 3 is_stmt 1 view .LVU20
  93              		.loc 1 299 24 is_stmt 0 view .LVU21
  94 004c 0494     		str	r4, [sp, #16]
 300:Core/Src/main.c ****   GPIO_InitStruct.Speed = GPIO_SPEED_FREQ_LOW;
  95              		.loc 1 300 3 is_stmt 1 view .LVU22
  96              		.loc 1 300 25 is_stmt 0 view .LVU23
  97 004e 0223     		movs	r3, #2
  98 0050 0593     		str	r3, [sp, #20]
 301:Core/Src/main.c ****   HAL_GPIO_Init(GPIOA, &GPIO_InitStruct);
  99              		.loc 1 301 3 is_stmt 1 view .LVU24
ARM GAS  C:\Users\james\AppData\Local\Temp\ccnVbkJC.s 			page 8


 100 0052 02A9     		add	r1, sp, #8
 101 0054 2846     		mov	r0, r5
 102 0056 FFF7FEFF 		bl	HAL_GPIO_Init
 103              	.LVL1:
 302:Core/Src/main.c **** 
 303:Core/Src/main.c **** /* USER CODE BEGIN MX_GPIO_Init_2 */
 304:Core/Src/main.c **** /* USER CODE END MX_GPIO_Init_2 */
 305:Core/Src/main.c **** }
 104              		.loc 1 305 1 is_stmt 0 view .LVU25
 105 005a 07B0     		add	sp, sp, #28
 106              	.LCFI2:
 107              		.cfi_def_cfa_offset 12
 108              		@ sp needed
 109 005c 30BD     		pop	{r4, r5, pc}
 110              	.L4:
 111 005e 00BF     		.align	2
 112              	.L3:
 113 0060 00100240 		.word	1073876992
 114 0064 00080140 		.word	1073809408
 115              		.cfi_endproc
 116              	.LFE71:
 118              		.section	.text.SetNumberOnClock,"ax",%progbits
 119              		.align	1
 120              		.global	SetNumberOnClock
 121              		.syntax unified
 122              		.thumb
 123              		.thumb_func
 125              	SetNumberOnClock:
 126              	.LVL2:
 127              	.LFB65:
  58:Core/Src/main.c ****   switch (num)
 128              		.loc 1 58 1 is_stmt 1 view -0
 129              		.cfi_startproc
 130              		@ args = 0, pretend = 0, frame = 0
 131              		@ frame_needed = 0, uses_anonymous_args = 0
  58:Core/Src/main.c ****   switch (num)
 132              		.loc 1 58 1 is_stmt 0 view .LVU27
 133 0000 08B5     		push	{r3, lr}
 134              	.LCFI3:
 135              		.cfi_def_cfa_offset 8
 136              		.cfi_offset 3, -8
 137              		.cfi_offset 14, -4
  59:Core/Src/main.c ****   {
 138              		.loc 1 59 3 is_stmt 1 view .LVU28
 139 0002 0B28     		cmp	r0, #11
 140 0004 0CD8     		bhi	.L5
 141 0006 DFE800F0 		tbb	[pc, r0]
 142              	.L8:
 143 000a 06       		.byte	(.L19-.L8)/2
 144 000b 0C       		.byte	(.L18-.L8)/2
 145 000c 12       		.byte	(.L17-.L8)/2
 146 000d 18       		.byte	(.L16-.L8)/2
 147 000e 1E       		.byte	(.L15-.L8)/2
 148 000f 25       		.byte	(.L14-.L8)/2
 149 0010 2C       		.byte	(.L13-.L8)/2
 150 0011 33       		.byte	(.L12-.L8)/2
 151 0012 3A       		.byte	(.L11-.L8)/2
ARM GAS  C:\Users\james\AppData\Local\Temp\ccnVbkJC.s 			page 9


 152 0013 41       		.byte	(.L10-.L8)/2
 153 0014 48       		.byte	(.L9-.L8)/2
 154 0015 4F       		.byte	(.L7-.L8)/2
 155              		.p2align 1
 156              	.L19:
  62:Core/Src/main.c ****     break;
 157              		.loc 1 62 5 view .LVU29
 158 0016 0022     		movs	r2, #0
 159 0018 1021     		movs	r1, #16
 160 001a 2748     		ldr	r0, .L21
 161              	.LVL3:
  62:Core/Src/main.c ****     break;
 162              		.loc 1 62 5 is_stmt 0 view .LVU30
 163 001c FFF7FEFF 		bl	HAL_GPIO_WritePin
 164              	.LVL4:
  63:Core/Src/main.c ****   case 1:
 165              		.loc 1 63 5 is_stmt 1 view .LVU31
 166              	.L5:
 101:Core/Src/main.c **** 
 167              		.loc 1 101 1 is_stmt 0 view .LVU32
 168 0020 08BD     		pop	{r3, pc}
 169              	.LVL5:
 170              	.L18:
  65:Core/Src/main.c ****     break;
 171              		.loc 1 65 5 is_stmt 1 view .LVU33
 172 0022 0022     		movs	r2, #0
 173 0024 2021     		movs	r1, #32
 174 0026 2448     		ldr	r0, .L21
 175              	.LVL6:
  65:Core/Src/main.c ****     break;
 176              		.loc 1 65 5 is_stmt 0 view .LVU34
 177 0028 FFF7FEFF 		bl	HAL_GPIO_WritePin
 178              	.LVL7:
  66:Core/Src/main.c ****   case 2:
 179              		.loc 1 66 5 is_stmt 1 view .LVU35
 180 002c F8E7     		b	.L5
 181              	.LVL8:
 182              	.L17:
  68:Core/Src/main.c ****     break;
 183              		.loc 1 68 5 view .LVU36
 184 002e 0022     		movs	r2, #0
 185 0030 4021     		movs	r1, #64
 186 0032 2148     		ldr	r0, .L21
 187              	.LVL9:
  68:Core/Src/main.c ****     break;
 188              		.loc 1 68 5 is_stmt 0 view .LVU37
 189 0034 FFF7FEFF 		bl	HAL_GPIO_WritePin
 190              	.LVL10:
  69:Core/Src/main.c ****   case 3:
 191              		.loc 1 69 5 is_stmt 1 view .LVU38
 192 0038 F2E7     		b	.L5
 193              	.LVL11:
 194              	.L16:
  71:Core/Src/main.c ****     break;
 195              		.loc 1 71 5 view .LVU39
 196 003a 0022     		movs	r2, #0
 197 003c 8021     		movs	r1, #128
ARM GAS  C:\Users\james\AppData\Local\Temp\ccnVbkJC.s 			page 10


 198 003e 1E48     		ldr	r0, .L21
 199              	.LVL12:
  71:Core/Src/main.c ****     break;
 200              		.loc 1 71 5 is_stmt 0 view .LVU40
 201 0040 FFF7FEFF 		bl	HAL_GPIO_WritePin
 202              	.LVL13:
  72:Core/Src/main.c ****   case 4:
 203              		.loc 1 72 5 is_stmt 1 view .LVU41
 204 0044 ECE7     		b	.L5
 205              	.LVL14:
 206              	.L15:
  74:Core/Src/main.c ****     break;
 207              		.loc 1 74 5 view .LVU42
 208 0046 0022     		movs	r2, #0
 209 0048 4FF48071 		mov	r1, #256
 210 004c 1A48     		ldr	r0, .L21
 211              	.LVL15:
  74:Core/Src/main.c ****     break;
 212              		.loc 1 74 5 is_stmt 0 view .LVU43
 213 004e FFF7FEFF 		bl	HAL_GPIO_WritePin
 214              	.LVL16:
  75:Core/Src/main.c ****   case 5:
 215              		.loc 1 75 5 is_stmt 1 view .LVU44
 216 0052 E5E7     		b	.L5
 217              	.LVL17:
 218              	.L14:
  77:Core/Src/main.c ****     break;
 219              		.loc 1 77 5 view .LVU45
 220 0054 0022     		movs	r2, #0
 221 0056 4FF40071 		mov	r1, #512
 222 005a 1748     		ldr	r0, .L21
 223              	.LVL18:
  77:Core/Src/main.c ****     break;
 224              		.loc 1 77 5 is_stmt 0 view .LVU46
 225 005c FFF7FEFF 		bl	HAL_GPIO_WritePin
 226              	.LVL19:
  78:Core/Src/main.c ****   case 6:
 227              		.loc 1 78 5 is_stmt 1 view .LVU47
 228 0060 DEE7     		b	.L5
 229              	.LVL20:
 230              	.L13:
  80:Core/Src/main.c ****     break;
 231              		.loc 1 80 5 view .LVU48
 232 0062 0022     		movs	r2, #0
 233 0064 4FF48061 		mov	r1, #1024
 234 0068 1348     		ldr	r0, .L21
 235              	.LVL21:
  80:Core/Src/main.c ****     break;
 236              		.loc 1 80 5 is_stmt 0 view .LVU49
 237 006a FFF7FEFF 		bl	HAL_GPIO_WritePin
 238              	.LVL22:
  81:Core/Src/main.c ****   case 7:
 239              		.loc 1 81 5 is_stmt 1 view .LVU50
 240 006e D7E7     		b	.L5
 241              	.LVL23:
 242              	.L12:
  83:Core/Src/main.c ****     break;
ARM GAS  C:\Users\james\AppData\Local\Temp\ccnVbkJC.s 			page 11


 243              		.loc 1 83 5 view .LVU51
 244 0070 0022     		movs	r2, #0
 245 0072 4FF40061 		mov	r1, #2048
 246 0076 1048     		ldr	r0, .L21
 247              	.LVL24:
  83:Core/Src/main.c ****     break;
 248              		.loc 1 83 5 is_stmt 0 view .LVU52
 249 0078 FFF7FEFF 		bl	HAL_GPIO_WritePin
 250              	.LVL25:
  84:Core/Src/main.c ****   case 8:
 251              		.loc 1 84 5 is_stmt 1 view .LVU53
 252 007c D0E7     		b	.L5
 253              	.LVL26:
 254              	.L11:
  86:Core/Src/main.c ****     break;
 255              		.loc 1 86 5 view .LVU54
 256 007e 0022     		movs	r2, #0
 257 0080 4FF48051 		mov	r1, #4096
 258 0084 0C48     		ldr	r0, .L21
 259              	.LVL27:
  86:Core/Src/main.c ****     break;
 260              		.loc 1 86 5 is_stmt 0 view .LVU55
 261 0086 FFF7FEFF 		bl	HAL_GPIO_WritePin
 262              	.LVL28:
  87:Core/Src/main.c ****   case 9:
 263              		.loc 1 87 5 is_stmt 1 view .LVU56
 264 008a C9E7     		b	.L5
 265              	.LVL29:
 266              	.L10:
  89:Core/Src/main.c ****     break;
 267              		.loc 1 89 5 view .LVU57
 268 008c 0022     		movs	r2, #0
 269 008e 4FF40051 		mov	r1, #8192
 270 0092 0948     		ldr	r0, .L21
 271              	.LVL30:
  89:Core/Src/main.c ****     break;
 272              		.loc 1 89 5 is_stmt 0 view .LVU58
 273 0094 FFF7FEFF 		bl	HAL_GPIO_WritePin
 274              	.LVL31:
  90:Core/Src/main.c ****   case 10:
 275              		.loc 1 90 5 is_stmt 1 view .LVU59
 276 0098 C2E7     		b	.L5
 277              	.LVL32:
 278              	.L9:
  92:Core/Src/main.c ****     break;
 279              		.loc 1 92 5 view .LVU60
 280 009a 0022     		movs	r2, #0
 281 009c 4FF48041 		mov	r1, #16384
 282 00a0 0548     		ldr	r0, .L21
 283              	.LVL33:
  92:Core/Src/main.c ****     break;
 284              		.loc 1 92 5 is_stmt 0 view .LVU61
 285 00a2 FFF7FEFF 		bl	HAL_GPIO_WritePin
 286              	.LVL34:
  93:Core/Src/main.c ****   case 11:
 287              		.loc 1 93 5 is_stmt 1 view .LVU62
 288 00a6 BBE7     		b	.L5
ARM GAS  C:\Users\james\AppData\Local\Temp\ccnVbkJC.s 			page 12


 289              	.LVL35:
 290              	.L7:
  95:Core/Src/main.c ****     break;
 291              		.loc 1 95 5 view .LVU63
 292 00a8 0022     		movs	r2, #0
 293 00aa 4FF40041 		mov	r1, #32768
 294 00ae 0248     		ldr	r0, .L21
 295              	.LVL36:
  95:Core/Src/main.c ****     break;
 296              		.loc 1 95 5 is_stmt 0 view .LVU64
 297 00b0 FFF7FEFF 		bl	HAL_GPIO_WritePin
 298              	.LVL37:
  96:Core/Src/main.c ****   
 299              		.loc 1 96 5 is_stmt 1 view .LVU65
 101:Core/Src/main.c **** 
 300              		.loc 1 101 1 is_stmt 0 view .LVU66
 301 00b4 B4E7     		b	.L5
 302              	.L22:
 303 00b6 00BF     		.align	2
 304              	.L21:
 305 00b8 00080140 		.word	1073809408
 306              		.cfi_endproc
 307              	.LFE65:
 309              		.section	.text.ClearNumberOnClock,"ax",%progbits
 310              		.align	1
 311              		.global	ClearNumberOnClock
 312              		.syntax unified
 313              		.thumb
 314              		.thumb_func
 316              	ClearNumberOnClock:
 317              	.LVL38:
 318              	.LFB66:
 104:Core/Src/main.c ****   switch (num)
 319              		.loc 1 104 1 is_stmt 1 view -0
 320              		.cfi_startproc
 321              		@ args = 0, pretend = 0, frame = 0
 322              		@ frame_needed = 0, uses_anonymous_args = 0
 104:Core/Src/main.c ****   switch (num)
 323              		.loc 1 104 1 is_stmt 0 view .LVU68
 324 0000 08B5     		push	{r3, lr}
 325              	.LCFI4:
 326              		.cfi_def_cfa_offset 8
 327              		.cfi_offset 3, -8
 328              		.cfi_offset 14, -4
 105:Core/Src/main.c ****   {
 329              		.loc 1 105 3 is_stmt 1 view .LVU69
 330 0002 0B28     		cmp	r0, #11
 331 0004 0CD8     		bhi	.L23
 332 0006 DFE800F0 		tbb	[pc, r0]
 333              	.L26:
 334 000a 06       		.byte	(.L37-.L26)/2
 335 000b 0C       		.byte	(.L36-.L26)/2
 336 000c 12       		.byte	(.L35-.L26)/2
 337 000d 18       		.byte	(.L34-.L26)/2
 338 000e 1E       		.byte	(.L33-.L26)/2
 339 000f 25       		.byte	(.L32-.L26)/2
 340 0010 2C       		.byte	(.L31-.L26)/2
ARM GAS  C:\Users\james\AppData\Local\Temp\ccnVbkJC.s 			page 13


 341 0011 33       		.byte	(.L30-.L26)/2
 342 0012 3A       		.byte	(.L29-.L26)/2
 343 0013 41       		.byte	(.L28-.L26)/2
 344 0014 48       		.byte	(.L27-.L26)/2
 345 0015 4F       		.byte	(.L25-.L26)/2
 346              		.p2align 1
 347              	.L37:
 108:Core/Src/main.c ****     break;
 348              		.loc 1 108 5 view .LVU70
 349 0016 0122     		movs	r2, #1
 350 0018 1021     		movs	r1, #16
 351 001a 2748     		ldr	r0, .L39
 352              	.LVL39:
 108:Core/Src/main.c ****     break;
 353              		.loc 1 108 5 is_stmt 0 view .LVU71
 354 001c FFF7FEFF 		bl	HAL_GPIO_WritePin
 355              	.LVL40:
 109:Core/Src/main.c ****   case 1:
 356              		.loc 1 109 5 is_stmt 1 view .LVU72
 357              	.L23:
 147:Core/Src/main.c **** 
 358              		.loc 1 147 1 is_stmt 0 view .LVU73
 359 0020 08BD     		pop	{r3, pc}
 360              	.LVL41:
 361              	.L36:
 111:Core/Src/main.c ****     break;
 362              		.loc 1 111 5 is_stmt 1 view .LVU74
 363 0022 0122     		movs	r2, #1
 364 0024 2021     		movs	r1, #32
 365 0026 2448     		ldr	r0, .L39
 366              	.LVL42:
 111:Core/Src/main.c ****     break;
 367              		.loc 1 111 5 is_stmt 0 view .LVU75
 368 0028 FFF7FEFF 		bl	HAL_GPIO_WritePin
 369              	.LVL43:
 112:Core/Src/main.c ****   case 2:
 370              		.loc 1 112 5 is_stmt 1 view .LVU76
 371 002c F8E7     		b	.L23
 372              	.LVL44:
 373              	.L35:
 114:Core/Src/main.c ****     break;
 374              		.loc 1 114 5 view .LVU77
 375 002e 0122     		movs	r2, #1
 376 0030 4021     		movs	r1, #64
 377 0032 2148     		ldr	r0, .L39
 378              	.LVL45:
 114:Core/Src/main.c ****     break;
 379              		.loc 1 114 5 is_stmt 0 view .LVU78
 380 0034 FFF7FEFF 		bl	HAL_GPIO_WritePin
 381              	.LVL46:
 115:Core/Src/main.c ****   case 3:
 382              		.loc 1 115 5 is_stmt 1 view .LVU79
 383 0038 F2E7     		b	.L23
 384              	.LVL47:
 385              	.L34:
 117:Core/Src/main.c ****     break;
 386              		.loc 1 117 5 view .LVU80
ARM GAS  C:\Users\james\AppData\Local\Temp\ccnVbkJC.s 			page 14


 387 003a 0122     		movs	r2, #1
 388 003c 8021     		movs	r1, #128
 389 003e 1E48     		ldr	r0, .L39
 390              	.LVL48:
 117:Core/Src/main.c ****     break;
 391              		.loc 1 117 5 is_stmt 0 view .LVU81
 392 0040 FFF7FEFF 		bl	HAL_GPIO_WritePin
 393              	.LVL49:
 118:Core/Src/main.c ****   case 4:
 394              		.loc 1 118 5 is_stmt 1 view .LVU82
 395 0044 ECE7     		b	.L23
 396              	.LVL50:
 397              	.L33:
 120:Core/Src/main.c ****     break;
 398              		.loc 1 120 5 view .LVU83
 399 0046 0122     		movs	r2, #1
 400 0048 4FF48071 		mov	r1, #256
 401 004c 1A48     		ldr	r0, .L39
 402              	.LVL51:
 120:Core/Src/main.c ****     break;
 403              		.loc 1 120 5 is_stmt 0 view .LVU84
 404 004e FFF7FEFF 		bl	HAL_GPIO_WritePin
 405              	.LVL52:
 121:Core/Src/main.c ****   case 5:
 406              		.loc 1 121 5 is_stmt 1 view .LVU85
 407 0052 E5E7     		b	.L23
 408              	.LVL53:
 409              	.L32:
 123:Core/Src/main.c ****     break;
 410              		.loc 1 123 5 view .LVU86
 411 0054 0122     		movs	r2, #1
 412 0056 4FF40071 		mov	r1, #512
 413 005a 1748     		ldr	r0, .L39
 414              	.LVL54:
 123:Core/Src/main.c ****     break;
 415              		.loc 1 123 5 is_stmt 0 view .LVU87
 416 005c FFF7FEFF 		bl	HAL_GPIO_WritePin
 417              	.LVL55:
 124:Core/Src/main.c ****   case 6:
 418              		.loc 1 124 5 is_stmt 1 view .LVU88
 419 0060 DEE7     		b	.L23
 420              	.LVL56:
 421              	.L31:
 126:Core/Src/main.c ****     break;
 422              		.loc 1 126 5 view .LVU89
 423 0062 0122     		movs	r2, #1
 424 0064 4FF48061 		mov	r1, #1024
 425 0068 1348     		ldr	r0, .L39
 426              	.LVL57:
 126:Core/Src/main.c ****     break;
 427              		.loc 1 126 5 is_stmt 0 view .LVU90
 428 006a FFF7FEFF 		bl	HAL_GPIO_WritePin
 429              	.LVL58:
 127:Core/Src/main.c ****   case 7:
 430              		.loc 1 127 5 is_stmt 1 view .LVU91
 431 006e D7E7     		b	.L23
 432              	.LVL59:
ARM GAS  C:\Users\james\AppData\Local\Temp\ccnVbkJC.s 			page 15


 433              	.L30:
 129:Core/Src/main.c ****     break;
 434              		.loc 1 129 5 view .LVU92
 435 0070 0122     		movs	r2, #1
 436 0072 4FF40061 		mov	r1, #2048
 437 0076 1048     		ldr	r0, .L39
 438              	.LVL60:
 129:Core/Src/main.c ****     break;
 439              		.loc 1 129 5 is_stmt 0 view .LVU93
 440 0078 FFF7FEFF 		bl	HAL_GPIO_WritePin
 441              	.LVL61:
 130:Core/Src/main.c ****   case 8:
 442              		.loc 1 130 5 is_stmt 1 view .LVU94
 443 007c D0E7     		b	.L23
 444              	.LVL62:
 445              	.L29:
 132:Core/Src/main.c ****     break;
 446              		.loc 1 132 5 view .LVU95
 447 007e 0122     		movs	r2, #1
 448 0080 4FF48051 		mov	r1, #4096
 449 0084 0C48     		ldr	r0, .L39
 450              	.LVL63:
 132:Core/Src/main.c ****     break;
 451              		.loc 1 132 5 is_stmt 0 view .LVU96
 452 0086 FFF7FEFF 		bl	HAL_GPIO_WritePin
 453              	.LVL64:
 133:Core/Src/main.c ****   case 9:
 454              		.loc 1 133 5 is_stmt 1 view .LVU97
 455 008a C9E7     		b	.L23
 456              	.LVL65:
 457              	.L28:
 135:Core/Src/main.c ****     break;
 458              		.loc 1 135 5 view .LVU98
 459 008c 0122     		movs	r2, #1
 460 008e 4FF40051 		mov	r1, #8192
 461 0092 0948     		ldr	r0, .L39
 462              	.LVL66:
 135:Core/Src/main.c ****     break;
 463              		.loc 1 135 5 is_stmt 0 view .LVU99
 464 0094 FFF7FEFF 		bl	HAL_GPIO_WritePin
 465              	.LVL67:
 136:Core/Src/main.c ****   case 10:
 466              		.loc 1 136 5 is_stmt 1 view .LVU100
 467 0098 C2E7     		b	.L23
 468              	.LVL68:
 469              	.L27:
 138:Core/Src/main.c ****     break;
 470              		.loc 1 138 5 view .LVU101
 471 009a 0122     		movs	r2, #1
 472 009c 4FF48041 		mov	r1, #16384
 473 00a0 0548     		ldr	r0, .L39
 474              	.LVL69:
 138:Core/Src/main.c ****     break;
 475              		.loc 1 138 5 is_stmt 0 view .LVU102
 476 00a2 FFF7FEFF 		bl	HAL_GPIO_WritePin
 477              	.LVL70:
 139:Core/Src/main.c ****   case 11:
ARM GAS  C:\Users\james\AppData\Local\Temp\ccnVbkJC.s 			page 16


 478              		.loc 1 139 5 is_stmt 1 view .LVU103
 479 00a6 BBE7     		b	.L23
 480              	.LVL71:
 481              	.L25:
 141:Core/Src/main.c ****     break;
 482              		.loc 1 141 5 view .LVU104
 483 00a8 0122     		movs	r2, #1
 484 00aa 4FF40041 		mov	r1, #32768
 485 00ae 0248     		ldr	r0, .L39
 486              	.LVL72:
 141:Core/Src/main.c ****     break;
 487              		.loc 1 141 5 is_stmt 0 view .LVU105
 488 00b0 FFF7FEFF 		bl	HAL_GPIO_WritePin
 489              	.LVL73:
 142:Core/Src/main.c ****   
 490              		.loc 1 142 5 is_stmt 1 view .LVU106
 147:Core/Src/main.c **** 
 491              		.loc 1 147 1 is_stmt 0 view .LVU107
 492 00b4 B4E7     		b	.L23
 493              	.L40:
 494 00b6 00BF     		.align	2
 495              	.L39:
 496 00b8 00080140 		.word	1073809408
 497              		.cfi_endproc
 498              	.LFE66:
 500              		.section	.text.ClearAllClock,"ax",%progbits
 501              		.align	1
 502              		.global	ClearAllClock
 503              		.syntax unified
 504              		.thumb
 505              		.thumb_func
 507              	ClearAllClock:
 508              	.LFB67:
 150:Core/Src/main.c ****   for(int i = 0; i < 12; i++)
 509              		.loc 1 150 1 is_stmt 1 view -0
 510              		.cfi_startproc
 511              		@ args = 0, pretend = 0, frame = 0
 512              		@ frame_needed = 0, uses_anonymous_args = 0
 513 0000 10B5     		push	{r4, lr}
 514              	.LCFI5:
 515              		.cfi_def_cfa_offset 8
 516              		.cfi_offset 4, -8
 517              		.cfi_offset 14, -4
 151:Core/Src/main.c ****   {
 518              		.loc 1 151 3 view .LVU109
 519              	.LBB6:
 151:Core/Src/main.c ****   {
 520              		.loc 1 151 7 view .LVU110
 521              	.LVL74:
 151:Core/Src/main.c ****   {
 522              		.loc 1 151 11 is_stmt 0 view .LVU111
 523 0002 0024     		movs	r4, #0
 151:Core/Src/main.c ****   {
 524              		.loc 1 151 3 view .LVU112
 525 0004 03E0     		b	.L42
 526              	.LVL75:
 527              	.L43:
ARM GAS  C:\Users\james\AppData\Local\Temp\ccnVbkJC.s 			page 17


 153:Core/Src/main.c ****   }
 528              		.loc 1 153 5 is_stmt 1 discriminator 3 view .LVU113
 529 0006 2046     		mov	r0, r4
 530 0008 FFF7FEFF 		bl	ClearNumberOnClock
 531              	.LVL76:
 151:Core/Src/main.c ****   {
 532              		.loc 1 151 26 discriminator 3 view .LVU114
 151:Core/Src/main.c ****   {
 533              		.loc 1 151 27 is_stmt 0 discriminator 3 view .LVU115
 534 000c 0134     		adds	r4, r4, #1
 535              	.LVL77:
 536              	.L42:
 151:Core/Src/main.c ****   {
 537              		.loc 1 151 18 is_stmt 1 discriminator 1 view .LVU116
 151:Core/Src/main.c ****   {
 538              		.loc 1 151 3 is_stmt 0 discriminator 1 view .LVU117
 539 000e 0B2C     		cmp	r4, #11
 540 0010 F9DD     		ble	.L43
 541              	.LBE6:
 155:Core/Src/main.c **** 
 542              		.loc 1 155 1 view .LVU118
 543 0012 10BD     		pop	{r4, pc}
 155:Core/Src/main.c **** 
 544              		.loc 1 155 1 view .LVU119
 545              		.cfi_endproc
 546              	.LFE67:
 548              		.section	.text.Switch1Step2Led,"ax",%progbits
 549              		.align	1
 550              		.global	Switch1Step2Led
 551              		.syntax unified
 552              		.thumb
 553              		.thumb_func
 555              	Switch1Step2Led:
 556              	.LVL78:
 557              	.LFB68:
 158:Core/Src/main.c ****   ClearNumberOnClock(num - 1);
 558              		.loc 1 158 1 is_stmt 1 view -0
 559              		.cfi_startproc
 560              		@ args = 0, pretend = 0, frame = 0
 561              		@ frame_needed = 0, uses_anonymous_args = 0
 158:Core/Src/main.c ****   ClearNumberOnClock(num - 1);
 562              		.loc 1 158 1 is_stmt 0 view .LVU121
 563 0000 10B5     		push	{r4, lr}
 564              	.LCFI6:
 565              		.cfi_def_cfa_offset 8
 566              		.cfi_offset 4, -8
 567              		.cfi_offset 14, -4
 568 0002 0446     		mov	r4, r0
 159:Core/Src/main.c ****   if(num == 12)
 569              		.loc 1 159 3 is_stmt 1 view .LVU122
 570 0004 0138     		subs	r0, r0, #1
 571              	.LVL79:
 159:Core/Src/main.c ****   if(num == 12)
 572              		.loc 1 159 3 is_stmt 0 view .LVU123
 573 0006 FFF7FEFF 		bl	ClearNumberOnClock
 574              	.LVL80:
 160:Core/Src/main.c ****     SetNumberOnClock(0);
ARM GAS  C:\Users\james\AppData\Local\Temp\ccnVbkJC.s 			page 18


 575              		.loc 1 160 3 is_stmt 1 view .LVU124
 160:Core/Src/main.c ****     SetNumberOnClock(0);
 576              		.loc 1 160 5 is_stmt 0 view .LVU125
 577 000a 0C2C     		cmp	r4, #12
 578 000c 03D0     		beq	.L49
 163:Core/Src/main.c **** }
 579              		.loc 1 163 5 is_stmt 1 view .LVU126
 580 000e 2046     		mov	r0, r4
 581 0010 FFF7FEFF 		bl	SetNumberOnClock
 582              	.LVL81:
 583              	.L45:
 164:Core/Src/main.c **** 
 584              		.loc 1 164 1 is_stmt 0 view .LVU127
 585 0014 10BD     		pop	{r4, pc}
 586              	.LVL82:
 587              	.L49:
 161:Core/Src/main.c ****   else
 588              		.loc 1 161 5 is_stmt 1 view .LVU128
 589 0016 0020     		movs	r0, #0
 590 0018 FFF7FEFF 		bl	SetNumberOnClock
 591              	.LVL83:
 592 001c FAE7     		b	.L45
 593              		.cfi_endproc
 594              	.LFE68:
 596              		.section	.text.Error_Handler,"ax",%progbits
 597              		.align	1
 598              		.global	Error_Handler
 599              		.syntax unified
 600              		.thumb
 601              		.thumb_func
 603              	Error_Handler:
 604              	.LFB72:
 306:Core/Src/main.c **** 
 307:Core/Src/main.c **** /* USER CODE BEGIN 4 */
 308:Core/Src/main.c **** 
 309:Core/Src/main.c **** /* USER CODE END 4 */
 310:Core/Src/main.c **** 
 311:Core/Src/main.c **** /**
 312:Core/Src/main.c ****   * @brief  This function is executed in case of error occurrence.
 313:Core/Src/main.c ****   * @retval None
 314:Core/Src/main.c ****   */
 315:Core/Src/main.c **** void Error_Handler(void)
 316:Core/Src/main.c **** {
 605              		.loc 1 316 1 view -0
 606              		.cfi_startproc
 607              		@ Volatile: function does not return.
 608              		@ args = 0, pretend = 0, frame = 0
 609              		@ frame_needed = 0, uses_anonymous_args = 0
 610              		@ link register save eliminated.
 317:Core/Src/main.c ****   /* USER CODE BEGIN Error_Handler_Debug */
 318:Core/Src/main.c ****   /* User can add his own implementation to report the HAL error return state */
 319:Core/Src/main.c ****   __disable_irq();
 611              		.loc 1 319 3 view .LVU130
 612              	.LBB7:
 613              	.LBI7:
 614              		.file 2 "Drivers/CMSIS/Include/cmsis_gcc.h"
   1:Drivers/CMSIS/Include/cmsis_gcc.h **** /**************************************************************************//**
ARM GAS  C:\Users\james\AppData\Local\Temp\ccnVbkJC.s 			page 19


   2:Drivers/CMSIS/Include/cmsis_gcc.h ****  * @file     cmsis_gcc.h
   3:Drivers/CMSIS/Include/cmsis_gcc.h ****  * @brief    CMSIS compiler GCC header file
   4:Drivers/CMSIS/Include/cmsis_gcc.h ****  * @version  V5.0.4
   5:Drivers/CMSIS/Include/cmsis_gcc.h ****  * @date     09. April 2018
   6:Drivers/CMSIS/Include/cmsis_gcc.h ****  ******************************************************************************/
   7:Drivers/CMSIS/Include/cmsis_gcc.h **** /*
   8:Drivers/CMSIS/Include/cmsis_gcc.h ****  * Copyright (c) 2009-2018 Arm Limited. All rights reserved.
   9:Drivers/CMSIS/Include/cmsis_gcc.h ****  *
  10:Drivers/CMSIS/Include/cmsis_gcc.h ****  * SPDX-License-Identifier: Apache-2.0
  11:Drivers/CMSIS/Include/cmsis_gcc.h ****  *
  12:Drivers/CMSIS/Include/cmsis_gcc.h ****  * Licensed under the Apache License, Version 2.0 (the License); you may
  13:Drivers/CMSIS/Include/cmsis_gcc.h ****  * not use this file except in compliance with the License.
  14:Drivers/CMSIS/Include/cmsis_gcc.h ****  * You may obtain a copy of the License at
  15:Drivers/CMSIS/Include/cmsis_gcc.h ****  *
  16:Drivers/CMSIS/Include/cmsis_gcc.h ****  * www.apache.org/licenses/LICENSE-2.0
  17:Drivers/CMSIS/Include/cmsis_gcc.h ****  *
  18:Drivers/CMSIS/Include/cmsis_gcc.h ****  * Unless required by applicable law or agreed to in writing, software
  19:Drivers/CMSIS/Include/cmsis_gcc.h ****  * distributed under the License is distributed on an AS IS BASIS, WITHOUT
  20:Drivers/CMSIS/Include/cmsis_gcc.h ****  * WARRANTIES OR CONDITIONS OF ANY KIND, either express or implied.
  21:Drivers/CMSIS/Include/cmsis_gcc.h ****  * See the License for the specific language governing permissions and
  22:Drivers/CMSIS/Include/cmsis_gcc.h ****  * limitations under the License.
  23:Drivers/CMSIS/Include/cmsis_gcc.h ****  */
  24:Drivers/CMSIS/Include/cmsis_gcc.h **** 
  25:Drivers/CMSIS/Include/cmsis_gcc.h **** #ifndef __CMSIS_GCC_H
  26:Drivers/CMSIS/Include/cmsis_gcc.h **** #define __CMSIS_GCC_H
  27:Drivers/CMSIS/Include/cmsis_gcc.h **** 
  28:Drivers/CMSIS/Include/cmsis_gcc.h **** /* ignore some GCC warnings */
  29:Drivers/CMSIS/Include/cmsis_gcc.h **** #pragma GCC diagnostic push
  30:Drivers/CMSIS/Include/cmsis_gcc.h **** #pragma GCC diagnostic ignored "-Wsign-conversion"
  31:Drivers/CMSIS/Include/cmsis_gcc.h **** #pragma GCC diagnostic ignored "-Wconversion"
  32:Drivers/CMSIS/Include/cmsis_gcc.h **** #pragma GCC diagnostic ignored "-Wunused-parameter"
  33:Drivers/CMSIS/Include/cmsis_gcc.h **** 
  34:Drivers/CMSIS/Include/cmsis_gcc.h **** /* Fallback for __has_builtin */
  35:Drivers/CMSIS/Include/cmsis_gcc.h **** #ifndef __has_builtin
  36:Drivers/CMSIS/Include/cmsis_gcc.h ****   #define __has_builtin(x) (0)
  37:Drivers/CMSIS/Include/cmsis_gcc.h **** #endif
  38:Drivers/CMSIS/Include/cmsis_gcc.h **** 
  39:Drivers/CMSIS/Include/cmsis_gcc.h **** /* CMSIS compiler specific defines */
  40:Drivers/CMSIS/Include/cmsis_gcc.h **** #ifndef   __ASM
  41:Drivers/CMSIS/Include/cmsis_gcc.h ****   #define __ASM                                  __asm
  42:Drivers/CMSIS/Include/cmsis_gcc.h **** #endif
  43:Drivers/CMSIS/Include/cmsis_gcc.h **** #ifndef   __INLINE
  44:Drivers/CMSIS/Include/cmsis_gcc.h ****   #define __INLINE                               inline
  45:Drivers/CMSIS/Include/cmsis_gcc.h **** #endif
  46:Drivers/CMSIS/Include/cmsis_gcc.h **** #ifndef   __STATIC_INLINE
  47:Drivers/CMSIS/Include/cmsis_gcc.h ****   #define __STATIC_INLINE                        static inline
  48:Drivers/CMSIS/Include/cmsis_gcc.h **** #endif
  49:Drivers/CMSIS/Include/cmsis_gcc.h **** #ifndef   __STATIC_FORCEINLINE                 
  50:Drivers/CMSIS/Include/cmsis_gcc.h ****   #define __STATIC_FORCEINLINE                   __attribute__((always_inline)) static inline
  51:Drivers/CMSIS/Include/cmsis_gcc.h **** #endif                                           
  52:Drivers/CMSIS/Include/cmsis_gcc.h **** #ifndef   __NO_RETURN
  53:Drivers/CMSIS/Include/cmsis_gcc.h ****   #define __NO_RETURN                            __attribute__((__noreturn__))
  54:Drivers/CMSIS/Include/cmsis_gcc.h **** #endif
  55:Drivers/CMSIS/Include/cmsis_gcc.h **** #ifndef   __USED
  56:Drivers/CMSIS/Include/cmsis_gcc.h ****   #define __USED                                 __attribute__((used))
  57:Drivers/CMSIS/Include/cmsis_gcc.h **** #endif
  58:Drivers/CMSIS/Include/cmsis_gcc.h **** #ifndef   __WEAK
ARM GAS  C:\Users\james\AppData\Local\Temp\ccnVbkJC.s 			page 20


  59:Drivers/CMSIS/Include/cmsis_gcc.h ****   #define __WEAK                                 __attribute__((weak))
  60:Drivers/CMSIS/Include/cmsis_gcc.h **** #endif
  61:Drivers/CMSIS/Include/cmsis_gcc.h **** #ifndef   __PACKED
  62:Drivers/CMSIS/Include/cmsis_gcc.h ****   #define __PACKED                               __attribute__((packed, aligned(1)))
  63:Drivers/CMSIS/Include/cmsis_gcc.h **** #endif
  64:Drivers/CMSIS/Include/cmsis_gcc.h **** #ifndef   __PACKED_STRUCT
  65:Drivers/CMSIS/Include/cmsis_gcc.h ****   #define __PACKED_STRUCT                        struct __attribute__((packed, aligned(1)))
  66:Drivers/CMSIS/Include/cmsis_gcc.h **** #endif
  67:Drivers/CMSIS/Include/cmsis_gcc.h **** #ifndef   __PACKED_UNION
  68:Drivers/CMSIS/Include/cmsis_gcc.h ****   #define __PACKED_UNION                         union __attribute__((packed, aligned(1)))
  69:Drivers/CMSIS/Include/cmsis_gcc.h **** #endif
  70:Drivers/CMSIS/Include/cmsis_gcc.h **** #ifndef   __UNALIGNED_UINT32        /* deprecated */
  71:Drivers/CMSIS/Include/cmsis_gcc.h ****   #pragma GCC diagnostic push
  72:Drivers/CMSIS/Include/cmsis_gcc.h ****   #pragma GCC diagnostic ignored "-Wpacked"
  73:Drivers/CMSIS/Include/cmsis_gcc.h ****   #pragma GCC diagnostic ignored "-Wattributes"
  74:Drivers/CMSIS/Include/cmsis_gcc.h ****   struct __attribute__((packed)) T_UINT32 { uint32_t v; };
  75:Drivers/CMSIS/Include/cmsis_gcc.h ****   #pragma GCC diagnostic pop
  76:Drivers/CMSIS/Include/cmsis_gcc.h ****   #define __UNALIGNED_UINT32(x)                  (((struct T_UINT32 *)(x))->v)
  77:Drivers/CMSIS/Include/cmsis_gcc.h **** #endif
  78:Drivers/CMSIS/Include/cmsis_gcc.h **** #ifndef   __UNALIGNED_UINT16_WRITE
  79:Drivers/CMSIS/Include/cmsis_gcc.h ****   #pragma GCC diagnostic push
  80:Drivers/CMSIS/Include/cmsis_gcc.h ****   #pragma GCC diagnostic ignored "-Wpacked"
  81:Drivers/CMSIS/Include/cmsis_gcc.h ****   #pragma GCC diagnostic ignored "-Wattributes"
  82:Drivers/CMSIS/Include/cmsis_gcc.h ****   __PACKED_STRUCT T_UINT16_WRITE { uint16_t v; };
  83:Drivers/CMSIS/Include/cmsis_gcc.h ****   #pragma GCC diagnostic pop
  84:Drivers/CMSIS/Include/cmsis_gcc.h ****   #define __UNALIGNED_UINT16_WRITE(addr, val)    (void)((((struct T_UINT16_WRITE *)(void *)(addr))-
  85:Drivers/CMSIS/Include/cmsis_gcc.h **** #endif
  86:Drivers/CMSIS/Include/cmsis_gcc.h **** #ifndef   __UNALIGNED_UINT16_READ
  87:Drivers/CMSIS/Include/cmsis_gcc.h ****   #pragma GCC diagnostic push
  88:Drivers/CMSIS/Include/cmsis_gcc.h ****   #pragma GCC diagnostic ignored "-Wpacked"
  89:Drivers/CMSIS/Include/cmsis_gcc.h ****   #pragma GCC diagnostic ignored "-Wattributes"
  90:Drivers/CMSIS/Include/cmsis_gcc.h ****   __PACKED_STRUCT T_UINT16_READ { uint16_t v; };
  91:Drivers/CMSIS/Include/cmsis_gcc.h ****   #pragma GCC diagnostic pop
  92:Drivers/CMSIS/Include/cmsis_gcc.h ****   #define __UNALIGNED_UINT16_READ(addr)          (((const struct T_UINT16_READ *)(const void *)(add
  93:Drivers/CMSIS/Include/cmsis_gcc.h **** #endif
  94:Drivers/CMSIS/Include/cmsis_gcc.h **** #ifndef   __UNALIGNED_UINT32_WRITE
  95:Drivers/CMSIS/Include/cmsis_gcc.h ****   #pragma GCC diagnostic push
  96:Drivers/CMSIS/Include/cmsis_gcc.h ****   #pragma GCC diagnostic ignored "-Wpacked"
  97:Drivers/CMSIS/Include/cmsis_gcc.h ****   #pragma GCC diagnostic ignored "-Wattributes"
  98:Drivers/CMSIS/Include/cmsis_gcc.h ****   __PACKED_STRUCT T_UINT32_WRITE { uint32_t v; };
  99:Drivers/CMSIS/Include/cmsis_gcc.h ****   #pragma GCC diagnostic pop
 100:Drivers/CMSIS/Include/cmsis_gcc.h ****   #define __UNALIGNED_UINT32_WRITE(addr, val)    (void)((((struct T_UINT32_WRITE *)(void *)(addr))-
 101:Drivers/CMSIS/Include/cmsis_gcc.h **** #endif
 102:Drivers/CMSIS/Include/cmsis_gcc.h **** #ifndef   __UNALIGNED_UINT32_READ
 103:Drivers/CMSIS/Include/cmsis_gcc.h ****   #pragma GCC diagnostic push
 104:Drivers/CMSIS/Include/cmsis_gcc.h ****   #pragma GCC diagnostic ignored "-Wpacked"
 105:Drivers/CMSIS/Include/cmsis_gcc.h ****   #pragma GCC diagnostic ignored "-Wattributes"
 106:Drivers/CMSIS/Include/cmsis_gcc.h ****   __PACKED_STRUCT T_UINT32_READ { uint32_t v; };
 107:Drivers/CMSIS/Include/cmsis_gcc.h ****   #pragma GCC diagnostic pop
 108:Drivers/CMSIS/Include/cmsis_gcc.h ****   #define __UNALIGNED_UINT32_READ(addr)          (((const struct T_UINT32_READ *)(const void *)(add
 109:Drivers/CMSIS/Include/cmsis_gcc.h **** #endif
 110:Drivers/CMSIS/Include/cmsis_gcc.h **** #ifndef   __ALIGNED
 111:Drivers/CMSIS/Include/cmsis_gcc.h ****   #define __ALIGNED(x)                           __attribute__((aligned(x)))
 112:Drivers/CMSIS/Include/cmsis_gcc.h **** #endif
 113:Drivers/CMSIS/Include/cmsis_gcc.h **** #ifndef   __RESTRICT
 114:Drivers/CMSIS/Include/cmsis_gcc.h ****   #define __RESTRICT                             __restrict
 115:Drivers/CMSIS/Include/cmsis_gcc.h **** #endif
ARM GAS  C:\Users\james\AppData\Local\Temp\ccnVbkJC.s 			page 21


 116:Drivers/CMSIS/Include/cmsis_gcc.h **** 
 117:Drivers/CMSIS/Include/cmsis_gcc.h **** 
 118:Drivers/CMSIS/Include/cmsis_gcc.h **** /* ###########################  Core Function Access  ########################### */
 119:Drivers/CMSIS/Include/cmsis_gcc.h **** /** \ingroup  CMSIS_Core_FunctionInterface
 120:Drivers/CMSIS/Include/cmsis_gcc.h ****     \defgroup CMSIS_Core_RegAccFunctions CMSIS Core Register Access Functions
 121:Drivers/CMSIS/Include/cmsis_gcc.h ****   @{
 122:Drivers/CMSIS/Include/cmsis_gcc.h ****  */
 123:Drivers/CMSIS/Include/cmsis_gcc.h **** 
 124:Drivers/CMSIS/Include/cmsis_gcc.h **** /**
 125:Drivers/CMSIS/Include/cmsis_gcc.h ****   \brief   Enable IRQ Interrupts
 126:Drivers/CMSIS/Include/cmsis_gcc.h ****   \details Enables IRQ interrupts by clearing the I-bit in the CPSR.
 127:Drivers/CMSIS/Include/cmsis_gcc.h ****            Can only be executed in Privileged modes.
 128:Drivers/CMSIS/Include/cmsis_gcc.h ****  */
 129:Drivers/CMSIS/Include/cmsis_gcc.h **** __STATIC_FORCEINLINE void __enable_irq(void)
 130:Drivers/CMSIS/Include/cmsis_gcc.h **** {
 131:Drivers/CMSIS/Include/cmsis_gcc.h ****   __ASM volatile ("cpsie i" : : : "memory");
 132:Drivers/CMSIS/Include/cmsis_gcc.h **** }
 133:Drivers/CMSIS/Include/cmsis_gcc.h **** 
 134:Drivers/CMSIS/Include/cmsis_gcc.h **** 
 135:Drivers/CMSIS/Include/cmsis_gcc.h **** /**
 136:Drivers/CMSIS/Include/cmsis_gcc.h ****   \brief   Disable IRQ Interrupts
 137:Drivers/CMSIS/Include/cmsis_gcc.h ****   \details Disables IRQ interrupts by setting the I-bit in the CPSR.
 138:Drivers/CMSIS/Include/cmsis_gcc.h ****            Can only be executed in Privileged modes.
 139:Drivers/CMSIS/Include/cmsis_gcc.h ****  */
 140:Drivers/CMSIS/Include/cmsis_gcc.h **** __STATIC_FORCEINLINE void __disable_irq(void)
 615              		.loc 2 140 27 view .LVU131
 616              	.LBB8:
 141:Drivers/CMSIS/Include/cmsis_gcc.h **** {
 142:Drivers/CMSIS/Include/cmsis_gcc.h ****   __ASM volatile ("cpsid i" : : : "memory");
 617              		.loc 2 142 3 view .LVU132
 618              		.syntax unified
 619              	@ 142 "Drivers/CMSIS/Include/cmsis_gcc.h" 1
 620 0000 72B6     		cpsid i
 621              	@ 0 "" 2
 622              		.thumb
 623              		.syntax unified
 624              	.L51:
 625              	.LBE8:
 626              	.LBE7:
 320:Core/Src/main.c ****   while (1)
 627              		.loc 1 320 3 discriminator 1 view .LVU133
 321:Core/Src/main.c ****   {
 322:Core/Src/main.c ****   }
 628              		.loc 1 322 3 discriminator 1 view .LVU134
 320:Core/Src/main.c ****   while (1)
 629              		.loc 1 320 9 discriminator 1 view .LVU135
 630 0002 FEE7     		b	.L51
 631              		.cfi_endproc
 632              	.LFE72:
 634              		.section	.text.SystemClock_Config,"ax",%progbits
 635              		.align	1
 636              		.global	SystemClock_Config
 637              		.syntax unified
 638              		.thumb
 639              		.thumb_func
 641              	SystemClock_Config:
 642              	.LFB70:
ARM GAS  C:\Users\james\AppData\Local\Temp\ccnVbkJC.s 			page 22


 238:Core/Src/main.c ****   RCC_OscInitTypeDef RCC_OscInitStruct = {0};
 643              		.loc 1 238 1 view -0
 644              		.cfi_startproc
 645              		@ args = 0, pretend = 0, frame = 64
 646              		@ frame_needed = 0, uses_anonymous_args = 0
 647 0000 00B5     		push	{lr}
 648              	.LCFI7:
 649              		.cfi_def_cfa_offset 4
 650              		.cfi_offset 14, -4
 651 0002 91B0     		sub	sp, sp, #68
 652              	.LCFI8:
 653              		.cfi_def_cfa_offset 72
 239:Core/Src/main.c ****   RCC_ClkInitTypeDef RCC_ClkInitStruct = {0};
 654              		.loc 1 239 3 view .LVU137
 239:Core/Src/main.c ****   RCC_ClkInitTypeDef RCC_ClkInitStruct = {0};
 655              		.loc 1 239 22 is_stmt 0 view .LVU138
 656 0004 2822     		movs	r2, #40
 657 0006 0021     		movs	r1, #0
 658 0008 06A8     		add	r0, sp, #24
 659 000a FFF7FEFF 		bl	memset
 660              	.LVL84:
 240:Core/Src/main.c **** 
 661              		.loc 1 240 3 is_stmt 1 view .LVU139
 240:Core/Src/main.c **** 
 662              		.loc 1 240 22 is_stmt 0 view .LVU140
 663 000e 0023     		movs	r3, #0
 664 0010 0193     		str	r3, [sp, #4]
 665 0012 0293     		str	r3, [sp, #8]
 666 0014 0393     		str	r3, [sp, #12]
 667 0016 0493     		str	r3, [sp, #16]
 668 0018 0593     		str	r3, [sp, #20]
 245:Core/Src/main.c ****   RCC_OscInitStruct.HSEState = RCC_HSE_ON;
 669              		.loc 1 245 3 is_stmt 1 view .LVU141
 245:Core/Src/main.c ****   RCC_OscInitStruct.HSEState = RCC_HSE_ON;
 670              		.loc 1 245 36 is_stmt 0 view .LVU142
 671 001a 0122     		movs	r2, #1
 672 001c 0692     		str	r2, [sp, #24]
 246:Core/Src/main.c ****   RCC_OscInitStruct.HSEPredivValue = RCC_HSE_PREDIV_DIV1;
 673              		.loc 1 246 3 is_stmt 1 view .LVU143
 246:Core/Src/main.c ****   RCC_OscInitStruct.HSEPredivValue = RCC_HSE_PREDIV_DIV1;
 674              		.loc 1 246 30 is_stmt 0 view .LVU144
 675 001e 4FF48033 		mov	r3, #65536
 676 0022 0793     		str	r3, [sp, #28]
 247:Core/Src/main.c ****   RCC_OscInitStruct.HSIState = RCC_HSI_ON;
 677              		.loc 1 247 3 is_stmt 1 view .LVU145
 248:Core/Src/main.c ****   RCC_OscInitStruct.PLL.PLLState = RCC_PLL_ON;
 678              		.loc 1 248 3 view .LVU146
 248:Core/Src/main.c ****   RCC_OscInitStruct.PLL.PLLState = RCC_PLL_ON;
 679              		.loc 1 248 30 is_stmt 0 view .LVU147
 680 0024 0A92     		str	r2, [sp, #40]
 249:Core/Src/main.c ****   RCC_OscInitStruct.PLL.PLLSource = RCC_PLLSOURCE_HSE;
 681              		.loc 1 249 3 is_stmt 1 view .LVU148
 249:Core/Src/main.c ****   RCC_OscInitStruct.PLL.PLLSource = RCC_PLLSOURCE_HSE;
 682              		.loc 1 249 34 is_stmt 0 view .LVU149
 683 0026 0222     		movs	r2, #2
 684 0028 0D92     		str	r2, [sp, #52]
 250:Core/Src/main.c ****   RCC_OscInitStruct.PLL.PLLMUL = RCC_PLL_MUL9;
ARM GAS  C:\Users\james\AppData\Local\Temp\ccnVbkJC.s 			page 23


 685              		.loc 1 250 3 is_stmt 1 view .LVU150
 250:Core/Src/main.c ****   RCC_OscInitStruct.PLL.PLLMUL = RCC_PLL_MUL9;
 686              		.loc 1 250 35 is_stmt 0 view .LVU151
 687 002a 0E93     		str	r3, [sp, #56]
 251:Core/Src/main.c ****   if (HAL_RCC_OscConfig(&RCC_OscInitStruct) != HAL_OK)
 688              		.loc 1 251 3 is_stmt 1 view .LVU152
 251:Core/Src/main.c ****   if (HAL_RCC_OscConfig(&RCC_OscInitStruct) != HAL_OK)
 689              		.loc 1 251 32 is_stmt 0 view .LVU153
 690 002c 4FF4E013 		mov	r3, #1835008
 691 0030 0F93     		str	r3, [sp, #60]
 252:Core/Src/main.c ****   {
 692              		.loc 1 252 3 is_stmt 1 view .LVU154
 252:Core/Src/main.c ****   {
 693              		.loc 1 252 7 is_stmt 0 view .LVU155
 694 0032 06A8     		add	r0, sp, #24
 695 0034 FFF7FEFF 		bl	HAL_RCC_OscConfig
 696              	.LVL85:
 252:Core/Src/main.c ****   {
 697              		.loc 1 252 6 view .LVU156
 698 0038 80B9     		cbnz	r0, .L56
 259:Core/Src/main.c ****                               |RCC_CLOCKTYPE_PCLK1|RCC_CLOCKTYPE_PCLK2;
 699              		.loc 1 259 3 is_stmt 1 view .LVU157
 259:Core/Src/main.c ****                               |RCC_CLOCKTYPE_PCLK1|RCC_CLOCKTYPE_PCLK2;
 700              		.loc 1 259 31 is_stmt 0 view .LVU158
 701 003a 0F23     		movs	r3, #15
 702 003c 0193     		str	r3, [sp, #4]
 261:Core/Src/main.c ****   RCC_ClkInitStruct.AHBCLKDivider = RCC_SYSCLK_DIV1;
 703              		.loc 1 261 3 is_stmt 1 view .LVU159
 261:Core/Src/main.c ****   RCC_ClkInitStruct.AHBCLKDivider = RCC_SYSCLK_DIV1;
 704              		.loc 1 261 34 is_stmt 0 view .LVU160
 705 003e 0221     		movs	r1, #2
 706 0040 0291     		str	r1, [sp, #8]
 262:Core/Src/main.c ****   RCC_ClkInitStruct.APB1CLKDivider = RCC_HCLK_DIV2;
 707              		.loc 1 262 3 is_stmt 1 view .LVU161
 262:Core/Src/main.c ****   RCC_ClkInitStruct.APB1CLKDivider = RCC_HCLK_DIV2;
 708              		.loc 1 262 35 is_stmt 0 view .LVU162
 709 0042 0023     		movs	r3, #0
 710 0044 0393     		str	r3, [sp, #12]
 263:Core/Src/main.c ****   RCC_ClkInitStruct.APB2CLKDivider = RCC_HCLK_DIV1;
 711              		.loc 1 263 3 is_stmt 1 view .LVU163
 263:Core/Src/main.c ****   RCC_ClkInitStruct.APB2CLKDivider = RCC_HCLK_DIV1;
 712              		.loc 1 263 36 is_stmt 0 view .LVU164
 713 0046 4FF48062 		mov	r2, #1024
 714 004a 0492     		str	r2, [sp, #16]
 264:Core/Src/main.c **** 
 715              		.loc 1 264 3 is_stmt 1 view .LVU165
 264:Core/Src/main.c **** 
 716              		.loc 1 264 36 is_stmt 0 view .LVU166
 717 004c 0593     		str	r3, [sp, #20]
 266:Core/Src/main.c ****   {
 718              		.loc 1 266 3 is_stmt 1 view .LVU167
 266:Core/Src/main.c ****   {
 719              		.loc 1 266 7 is_stmt 0 view .LVU168
 720 004e 01A8     		add	r0, sp, #4
 721 0050 FFF7FEFF 		bl	HAL_RCC_ClockConfig
 722              	.LVL86:
 266:Core/Src/main.c ****   {
ARM GAS  C:\Users\james\AppData\Local\Temp\ccnVbkJC.s 			page 24


 723              		.loc 1 266 6 view .LVU169
 724 0054 20B9     		cbnz	r0, .L57
 270:Core/Src/main.c **** 
 725              		.loc 1 270 1 view .LVU170
 726 0056 11B0     		add	sp, sp, #68
 727              	.LCFI9:
 728              		.cfi_remember_state
 729              		.cfi_def_cfa_offset 4
 730              		@ sp needed
 731 0058 5DF804FB 		ldr	pc, [sp], #4
 732              	.L56:
 733              	.LCFI10:
 734              		.cfi_restore_state
 254:Core/Src/main.c ****   }
 735              		.loc 1 254 5 is_stmt 1 view .LVU171
 736 005c FFF7FEFF 		bl	Error_Handler
 737              	.LVL87:
 738              	.L57:
 268:Core/Src/main.c ****   }
 739              		.loc 1 268 5 view .LVU172
 740 0060 FFF7FEFF 		bl	Error_Handler
 741              	.LVL88:
 742              		.cfi_endproc
 743              	.LFE70:
 745              		.section	.text.main,"ax",%progbits
 746              		.align	1
 747              		.global	main
 748              		.syntax unified
 749              		.thumb
 750              		.thumb_func
 752              	main:
 753              	.LFB69:
 173:Core/Src/main.c ****   /* USER CODE BEGIN 1 */
 754              		.loc 1 173 1 view -0
 755              		.cfi_startproc
 756              		@ args = 0, pretend = 0, frame = 0
 757              		@ frame_needed = 0, uses_anonymous_args = 0
 758 0000 70B5     		push	{r4, r5, r6, lr}
 759              	.LCFI11:
 760              		.cfi_def_cfa_offset 16
 761              		.cfi_offset 4, -16
 762              		.cfi_offset 5, -12
 763              		.cfi_offset 6, -8
 764              		.cfi_offset 14, -4
 181:Core/Src/main.c **** 
 765              		.loc 1 181 3 view .LVU174
 766 0002 FFF7FEFF 		bl	HAL_Init
 767              	.LVL89:
 188:Core/Src/main.c **** 
 768              		.loc 1 188 3 view .LVU175
 769 0006 FFF7FEFF 		bl	SystemClock_Config
 770              	.LVL90:
 195:Core/Src/main.c ****   /* USER CODE BEGIN 2 */
 771              		.loc 1 195 3 view .LVU176
 772 000a FFF7FEFF 		bl	MX_GPIO_Init
 773              	.LVL91:
 197:Core/Src/main.c ****   int minute = 0;
ARM GAS  C:\Users\james\AppData\Local\Temp\ccnVbkJC.s 			page 25


 774              		.loc 1 197 3 view .LVU177
 198:Core/Src/main.c ****   int second = 0;
 775              		.loc 1 198 3 view .LVU178
 199:Core/Src/main.c **** 
 776              		.loc 1 199 3 view .LVU179
 201:Core/Src/main.c ****   /* USER CODE END 2 */
 777              		.loc 1 201 3 view .LVU180
 778 000e FFF7FEFF 		bl	ClearAllClock
 779              	.LVL92:
 199:Core/Src/main.c **** 
 780              		.loc 1 199 7 is_stmt 0 view .LVU181
 781 0012 0024     		movs	r4, #0
 198:Core/Src/main.c ****   int second = 0;
 782              		.loc 1 198 7 view .LVU182
 783 0014 2546     		mov	r5, r4
 197:Core/Src/main.c ****   int minute = 0;
 784              		.loc 1 197 7 view .LVU183
 785 0016 2646     		mov	r6, r4
 786 0018 0DE0     		b	.L60
 787              	.LVL93:
 788              	.L61:
 213:Core/Src/main.c ****       minute++;
 789              		.loc 1 213 14 view .LVU184
 790 001a 0124     		movs	r4, #1
 791              	.LVL94:
 792              	.L59:
 223:Core/Src/main.c ****     SetNumberOnClock(minute);
 793              		.loc 1 223 5 is_stmt 1 view .LVU185
 794 001c 3046     		mov	r0, r6
 795 001e FFF7FEFF 		bl	SetNumberOnClock
 796              	.LVL95:
 224:Core/Src/main.c ****     Switch1Step2Led(second);
 797              		.loc 1 224 5 view .LVU186
 798 0022 2846     		mov	r0, r5
 799 0024 FFF7FEFF 		bl	SetNumberOnClock
 800              	.LVL96:
 225:Core/Src/main.c **** 
 801              		.loc 1 225 5 view .LVU187
 802 0028 2046     		mov	r0, r4
 803 002a FFF7FEFF 		bl	Switch1Step2Led
 804              	.LVL97:
 227:Core/Src/main.c ****     HAL_Delay(50);
 805              		.loc 1 227 5 view .LVU188
 227:Core/Src/main.c ****     HAL_Delay(50);
 806              		.loc 1 227 11 is_stmt 0 view .LVU189
 807 002e 0134     		adds	r4, r4, #1
 808              	.LVL98:
 228:Core/Src/main.c ****   }
 809              		.loc 1 228 5 is_stmt 1 view .LVU190
 810 0030 3220     		movs	r0, #50
 811 0032 FFF7FEFF 		bl	HAL_Delay
 812              	.LVL99:
 206:Core/Src/main.c ****   {
 813              		.loc 1 206 9 view .LVU191
 814              	.L60:
 206:Core/Src/main.c ****   {
 815              		.loc 1 206 3 view .LVU192
ARM GAS  C:\Users\james\AppData\Local\Temp\ccnVbkJC.s 			page 26


 211:Core/Src/main.c ****     {
 816              		.loc 1 211 5 view .LVU193
 211:Core/Src/main.c ****     {
 817              		.loc 1 211 7 is_stmt 0 view .LVU194
 818 0036 0D2C     		cmp	r4, #13
 819 0038 F0DD     		ble	.L59
 213:Core/Src/main.c ****       minute++;
 820              		.loc 1 213 7 is_stmt 1 view .LVU195
 821              	.LVL100:
 214:Core/Src/main.c ****       if(minute > 12)
 822              		.loc 1 214 7 view .LVU196
 214:Core/Src/main.c ****       if(minute > 12)
 823              		.loc 1 214 13 is_stmt 0 view .LVU197
 824 003a 0135     		adds	r5, r5, #1
 825              	.LVL101:
 215:Core/Src/main.c ****       {
 826              		.loc 1 215 7 is_stmt 1 view .LVU198
 215:Core/Src/main.c ****       {
 827              		.loc 1 215 9 is_stmt 0 view .LVU199
 828 003c 0C2D     		cmp	r5, #12
 829 003e ECDD     		ble	.L61
 217:Core/Src/main.c ****         hour++;
 830              		.loc 1 217 9 is_stmt 1 view .LVU200
 831              	.LVL102:
 218:Core/Src/main.c ****         if(hour > 12) hour = 0;
 832              		.loc 1 218 9 view .LVU201
 218:Core/Src/main.c ****         if(hour > 12) hour = 0;
 833              		.loc 1 218 13 is_stmt 0 view .LVU202
 834 0040 0136     		adds	r6, r6, #1
 835              	.LVL103:
 219:Core/Src/main.c ****       }
 836              		.loc 1 219 9 is_stmt 1 view .LVU203
 219:Core/Src/main.c ****       }
 837              		.loc 1 219 11 is_stmt 0 view .LVU204
 838 0042 0C2E     		cmp	r6, #12
 839 0044 02DC     		bgt	.L62
 213:Core/Src/main.c ****       minute++;
 840              		.loc 1 213 14 view .LVU205
 841 0046 0124     		movs	r4, #1
 217:Core/Src/main.c ****         hour++;
 842              		.loc 1 217 16 view .LVU206
 843 0048 0025     		movs	r5, #0
 844 004a E7E7     		b	.L59
 845              	.L62:
 213:Core/Src/main.c ****       minute++;
 846              		.loc 1 213 14 view .LVU207
 847 004c 0124     		movs	r4, #1
 217:Core/Src/main.c ****         hour++;
 848              		.loc 1 217 16 view .LVU208
 849 004e 0025     		movs	r5, #0
 219:Core/Src/main.c ****       }
 850              		.loc 1 219 28 view .LVU209
 851 0050 2E46     		mov	r6, r5
 852              	.LVL104:
 219:Core/Src/main.c ****       }
 853              		.loc 1 219 28 view .LVU210
 854 0052 E3E7     		b	.L59
ARM GAS  C:\Users\james\AppData\Local\Temp\ccnVbkJC.s 			page 27


 855              		.cfi_endproc
 856              	.LFE69:
 858              		.text
 859              	.Letext0:
 860              		.file 3 "c:\\program files (x86)\\gnu arm embedded toolchain\\10 2021.10\\arm-none-eabi\\include\\
 861              		.file 4 "c:\\program files (x86)\\gnu arm embedded toolchain\\10 2021.10\\arm-none-eabi\\include\\
 862              		.file 5 "Drivers/CMSIS/Device/ST/STM32F1xx/Include/stm32f103x6.h"
 863              		.file 6 "Drivers/STM32F1xx_HAL_Driver/Inc/stm32f1xx_hal_rcc.h"
 864              		.file 7 "Drivers/STM32F1xx_HAL_Driver/Inc/stm32f1xx_hal_rcc_ex.h"
 865              		.file 8 "Drivers/STM32F1xx_HAL_Driver/Inc/stm32f1xx_hal_gpio.h"
 866              		.file 9 "Drivers/STM32F1xx_HAL_Driver/Inc/stm32f1xx_hal_def.h"
 867              		.file 10 "Drivers/STM32F1xx_HAL_Driver/Inc/stm32f1xx_hal.h"
 868              		.file 11 "<built-in>"
ARM GAS  C:\Users\james\AppData\Local\Temp\ccnVbkJC.s 			page 28


DEFINED SYMBOLS
                            *ABS*:00000000 main.c
C:\Users\james\AppData\Local\Temp\ccnVbkJC.s:18     .text.MX_GPIO_Init:00000000 $t
C:\Users\james\AppData\Local\Temp\ccnVbkJC.s:23     .text.MX_GPIO_Init:00000000 MX_GPIO_Init
C:\Users\james\AppData\Local\Temp\ccnVbkJC.s:113    .text.MX_GPIO_Init:00000060 $d
C:\Users\james\AppData\Local\Temp\ccnVbkJC.s:119    .text.SetNumberOnClock:00000000 $t
C:\Users\james\AppData\Local\Temp\ccnVbkJC.s:125    .text.SetNumberOnClock:00000000 SetNumberOnClock
C:\Users\james\AppData\Local\Temp\ccnVbkJC.s:143    .text.SetNumberOnClock:0000000a $d
C:\Users\james\AppData\Local\Temp\ccnVbkJC.s:155    .text.SetNumberOnClock:00000016 $t
C:\Users\james\AppData\Local\Temp\ccnVbkJC.s:305    .text.SetNumberOnClock:000000b8 $d
C:\Users\james\AppData\Local\Temp\ccnVbkJC.s:310    .text.ClearNumberOnClock:00000000 $t
C:\Users\james\AppData\Local\Temp\ccnVbkJC.s:316    .text.ClearNumberOnClock:00000000 ClearNumberOnClock
C:\Users\james\AppData\Local\Temp\ccnVbkJC.s:334    .text.ClearNumberOnClock:0000000a $d
C:\Users\james\AppData\Local\Temp\ccnVbkJC.s:346    .text.ClearNumberOnClock:00000016 $t
C:\Users\james\AppData\Local\Temp\ccnVbkJC.s:496    .text.ClearNumberOnClock:000000b8 $d
C:\Users\james\AppData\Local\Temp\ccnVbkJC.s:501    .text.ClearAllClock:00000000 $t
C:\Users\james\AppData\Local\Temp\ccnVbkJC.s:507    .text.ClearAllClock:00000000 ClearAllClock
C:\Users\james\AppData\Local\Temp\ccnVbkJC.s:549    .text.Switch1Step2Led:00000000 $t
C:\Users\james\AppData\Local\Temp\ccnVbkJC.s:555    .text.Switch1Step2Led:00000000 Switch1Step2Led
C:\Users\james\AppData\Local\Temp\ccnVbkJC.s:597    .text.Error_Handler:00000000 $t
C:\Users\james\AppData\Local\Temp\ccnVbkJC.s:603    .text.Error_Handler:00000000 Error_Handler
C:\Users\james\AppData\Local\Temp\ccnVbkJC.s:635    .text.SystemClock_Config:00000000 $t
C:\Users\james\AppData\Local\Temp\ccnVbkJC.s:641    .text.SystemClock_Config:00000000 SystemClock_Config
C:\Users\james\AppData\Local\Temp\ccnVbkJC.s:746    .text.main:00000000 $t
C:\Users\james\AppData\Local\Temp\ccnVbkJC.s:752    .text.main:00000000 main

UNDEFINED SYMBOLS
HAL_GPIO_WritePin
HAL_GPIO_Init
memset
HAL_RCC_OscConfig
HAL_RCC_ClockConfig
HAL_Init
HAL_Delay
